<?xml version="1.0" encoding="UTF-8"?>
<!-- Generated by org.testng.reporters.JUnitReportReporter -->
<testsuite skipped="0" hostname="LAPTOP-JIBR9C35" name="testcases.UsefulLinksPageTest" tests="4" failures="0" timestamp="19 Oct 2020 08:27:31 GMT" time="35.356" errors="0">
  <testcase name="text_usefulLinks" time="7.377" classname="testcases.UsefulLinksPageTest"/>
  <testcase name="text_internetRequired" time="7.702" classname="testcases.UsefulLinksPageTest"/>
  <testcase name="text_copyright" time="8.456" classname="testcases.UsefulLinksPageTest"/>
  <testcase name="text_designedForSelenium" time="11.821" classname="testcases.UsefulLinksPageTest"/>
</testsuite> <!-- testcases.UsefulLinksPageTest -->
